043614ba-f7f8-46d2-bb00-40a69b7ea3ba autoenable=true bucket=cneuromod.friends.fmriprep chunk=1GiB datacenter=US encryption=none exporttree=no host=s3.unf-montreal.ca name=s3unf.cneuromod.friends.fmriprep port=443 protocol=https requeststyle=path storageclass=STANDARD type=S3 timestamp=1689172515.707977877s
24181233-9f4b-4d47-a5b7-ad5620ee99cb archive-id=81d8c126-b10f-4e8b-9eab-6825964c8552 autoenable=false encryption=none externaltype=ora name=ria-narval-storage type=external url=ria+ssh://narval.computecanada.ca/project/def-pbellec/ria-narval timestamp=1689992722.738839771s
26b86665-0666-48b2-bb68-cafd576e4640 archive-id=cbfd6482-5670-4f39-ba1b-9623f1f460b8 autoenable=false externaltype=ora sameas-name=ria-beluga-storage-ssh sameas-uuid=aa1dbf5a-db52-48bd-889b-c7a6b8e4f058 type=external url=ria+ssh://beluga.computecanada.ca/lustre03/project/rrg-pbellec/ria-beluga timestamp=1699373689.091275413s
26c2536d-4928-463e-9556-570f9e3e1382 archive-id=81d8c126-b10f-4e8b-9eab-6825964c8552 autoenable=false encryption=none externaltype=ora name=ria-sequoia-storage type=external url=ria+ssh://elm.criugm.qc.ca:/data/neuromod/ria-sequoia/ timestamp=1649681985.700523829s
8d9f47e7-0885-4d50-b2d6-b51ccd4a6cdc archive-id=cbfd6482-5670-4f39-ba1b-9623f1f460b8 autoenable=false encryption=none externaltype=ora name=ria-narval-storage type=external url=ria+ssh://narval.computecanada.ca/project/def-pbellec/ria-narval timestamp=1648825405.231580997s
aa1dbf5a-db52-48bd-889b-c7a6b8e4f058 archive-id=cbfd6482-5670-4f39-ba1b-9623f1f460b8 autoenable=false encryption=none externaltype=ora name=ria-beluga-storage type=external url=ria+file:///lustre03/project/rrg-pbellec/ria-beluga timestamp=1720616882.17730903s
aa1dbf5a-db52-48bd-889b-c7a6b8e4f058 archive-id=cbfd6482-5670-4f39-ba1b-9623f1f460b8 autoenable=false encryption=none externaltype=ora name=ria-beluga-storage type=external url=ria+file:///lustre03/project/rrg-pbellec/ria-beluga timestamp=1720616963.215441927s
aa1dbf5a-db52-48bd-889b-c7a6b8e4f058 archive-id=cbfd6482-5670-4f39-ba1b-9623f1f460b8 autoenable=false encryption=none externaltype=ora name=ria-beluga-storage type=external url=ria+file:///lustre03/project/rrg-pbellec/ria-beluga timestamp=1720617118.89736049s
aa1dbf5a-db52-48bd-889b-c7a6b8e4f058 archive-id=cbfd6482-5670-4f39-ba1b-9623f1f460b8 autoenable=false encryption=none externaltype=ora name=ria-beluga-storage type=external url=ria+file:///lustre03/project/rrg-pbellec/ria-beluga timestamp=1720617348.119516478s
aa1dbf5a-db52-48bd-889b-c7a6b8e4f058 archive-id=cbfd6482-5670-4f39-ba1b-9623f1f460b8 autoenable=false encryption=none externaltype=ora name=ria-beluga-storage type=external url=ria+file:///lustre03/project/rrg-pbellec/ria-beluga timestamp=1720618125.507538604s
aa1dbf5a-db52-48bd-889b-c7a6b8e4f058 archive-id=cbfd6482-5670-4f39-ba1b-9623f1f460b8 autoenable=false encryption=none externaltype=ora name=ria-beluga-storage type=external url=ria+file:///lustre03/project/rrg-pbellec/ria-beluga timestamp=1720618202.891781312s
aa1dbf5a-db52-48bd-889b-c7a6b8e4f058 archive-id=cbfd6482-5670-4f39-ba1b-9623f1f460b8 autoenable=false encryption=none externaltype=ora name=ria-beluga-storage type=external url=ria+file:///lustre03/project/rrg-pbellec/ria-beluga timestamp=1720618262.206201459s
aa1dbf5a-db52-48bd-889b-c7a6b8e4f058 archive-id=cbfd6482-5670-4f39-ba1b-9623f1f460b8 autoenable=false encryption=none externaltype=ora name=ria-beluga-storage type=external url=ria+file:///lustre03/project/rrg-pbellec/ria-beluga timestamp=1720618321.138314278s
aa1dbf5a-db52-48bd-889b-c7a6b8e4f058 archive-id=cbfd6482-5670-4f39-ba1b-9623f1f460b8 autoenable=false encryption=none externaltype=ora name=ria-beluga-storage type=external url=ria+file:///lustre03/project/rrg-pbellec/ria-beluga timestamp=1720618394.637913463s
aa1dbf5a-db52-48bd-889b-c7a6b8e4f058 archive-id=cbfd6482-5670-4f39-ba1b-9623f1f460b8 autoenable=false encryption=none externaltype=ora name=ria-beluga-storage type=external url=ria+file:///lustre03/project/rrg-pbellec/ria-beluga timestamp=1720618453.652502519s
aa1dbf5a-db52-48bd-889b-c7a6b8e4f058 archive-id=cbfd6482-5670-4f39-ba1b-9623f1f460b8 autoenable=false encryption=none externaltype=ora name=ria-beluga-storage type=external url=ria+file:///lustre03/project/rrg-pbellec/ria-beluga timestamp=1720618515.831809189s
aa1dbf5a-db52-48bd-889b-c7a6b8e4f058 archive-id=cbfd6482-5670-4f39-ba1b-9623f1f460b8 autoenable=false encryption=none externaltype=ora name=ria-beluga-storage type=external url=ria+file:///lustre03/project/rrg-pbellec/ria-beluga timestamp=1720618614.734512626s
aa1dbf5a-db52-48bd-889b-c7a6b8e4f058 archive-id=cbfd6482-5670-4f39-ba1b-9623f1f460b8 autoenable=false encryption=none externaltype=ora name=ria-beluga-storage type=external url=ria+file:///lustre03/project/rrg-pbellec/ria-beluga timestamp=1720618701.551776941s
aa1dbf5a-db52-48bd-889b-c7a6b8e4f058 archive-id=cbfd6482-5670-4f39-ba1b-9623f1f460b8 autoenable=false encryption=none externaltype=ora name=ria-beluga-storage type=external url=ria+file:///lustre03/project/rrg-pbellec/ria-beluga timestamp=1720618771.054749793s
aa1dbf5a-db52-48bd-889b-c7a6b8e4f058 archive-id=cbfd6482-5670-4f39-ba1b-9623f1f460b8 autoenable=false encryption=none externaltype=ora name=ria-beluga-storage type=external url=ria+file:///lustre03/project/rrg-pbellec/ria-beluga timestamp=1720618805.97101903s
aa1dbf5a-db52-48bd-889b-c7a6b8e4f058 archive-id=cbfd6482-5670-4f39-ba1b-9623f1f460b8 autoenable=false encryption=none externaltype=ora name=ria-beluga-storage type=external url=ria+file:///lustre03/project/rrg-pbellec/ria-beluga timestamp=1720618835.979813759s
aa1dbf5a-db52-48bd-889b-c7a6b8e4f058 archive-id=cbfd6482-5670-4f39-ba1b-9623f1f460b8 autoenable=false encryption=none externaltype=ora name=ria-beluga-storage type=external url=ria+file:///lustre03/project/rrg-pbellec/ria-beluga timestamp=1720618901.115795984s
aa1dbf5a-db52-48bd-889b-c7a6b8e4f058 archive-id=cbfd6482-5670-4f39-ba1b-9623f1f460b8 autoenable=false encryption=none externaltype=ora name=ria-beluga-storage type=external url=ria+file:///lustre03/project/rrg-pbellec/ria-beluga timestamp=1720618981.896353334s
aa1dbf5a-db52-48bd-889b-c7a6b8e4f058 archive-id=cbfd6482-5670-4f39-ba1b-9623f1f460b8 autoenable=false encryption=none externaltype=ora name=ria-beluga-storage type=external url=ria+file:///lustre03/project/rrg-pbellec/ria-beluga timestamp=1720619091.908241336s
aa1dbf5a-db52-48bd-889b-c7a6b8e4f058 archive-id=cbfd6482-5670-4f39-ba1b-9623f1f460b8 autoenable=false encryption=none externaltype=ora name=ria-beluga-storage type=external url=ria+file:///lustre03/project/rrg-pbellec/ria-beluga timestamp=1720619122.481403579s
aa1dbf5a-db52-48bd-889b-c7a6b8e4f058 archive-id=cbfd6482-5670-4f39-ba1b-9623f1f460b8 autoenable=false encryption=none externaltype=ora name=ria-beluga-storage type=external url=ria+file:///lustre03/project/rrg-pbellec/ria-beluga timestamp=1720619222.607358074s
aa1dbf5a-db52-48bd-889b-c7a6b8e4f058 archive-id=cbfd6482-5670-4f39-ba1b-9623f1f460b8 autoenable=false encryption=none externaltype=ora name=ria-beluga-storage type=external url=ria+file:///lustre03/project/rrg-pbellec/ria-beluga timestamp=1720619294.337442662s
aa1dbf5a-db52-48bd-889b-c7a6b8e4f058 archive-id=cbfd6482-5670-4f39-ba1b-9623f1f460b8 autoenable=false encryption=none externaltype=ora name=ria-beluga-storage type=external url=ria+file:///lustre03/project/rrg-pbellec/ria-beluga timestamp=1720619329.036454166s
aa1dbf5a-db52-48bd-889b-c7a6b8e4f058 archive-id=cbfd6482-5670-4f39-ba1b-9623f1f460b8 autoenable=false encryption=none externaltype=ora name=ria-beluga-storage type=external url=ria+file:///lustre03/project/rrg-pbellec/ria-beluga timestamp=1720619662.544510141s
aa1dbf5a-db52-48bd-889b-c7a6b8e4f058 archive-id=cbfd6482-5670-4f39-ba1b-9623f1f460b8 autoenable=false encryption=none externaltype=ora name=ria-beluga-storage type=external url=ria+file:///lustre03/project/rrg-pbellec/ria-beluga timestamp=1720619739.86089346s
aa1dbf5a-db52-48bd-889b-c7a6b8e4f058 archive-id=cbfd6482-5670-4f39-ba1b-9623f1f460b8 autoenable=false encryption=none externaltype=ora name=ria-beluga-storage type=external url=ria+file:///lustre03/project/rrg-pbellec/ria-beluga timestamp=1720619828.117672401s
aa1dbf5a-db52-48bd-889b-c7a6b8e4f058 archive-id=cbfd6482-5670-4f39-ba1b-9623f1f460b8 autoenable=false encryption=none externaltype=ora name=ria-beluga-storage type=external url=ria+file:///lustre03/project/rrg-pbellec/ria-beluga timestamp=1720619863.084378825s
aa1dbf5a-db52-48bd-889b-c7a6b8e4f058 archive-id=cbfd6482-5670-4f39-ba1b-9623f1f460b8 autoenable=false encryption=none externaltype=ora name=ria-beluga-storage type=external url=ria+file:///lustre03/project/rrg-pbellec/ria-beluga timestamp=1720619896.24546336s
aa1dbf5a-db52-48bd-889b-c7a6b8e4f058 archive-id=cbfd6482-5670-4f39-ba1b-9623f1f460b8 autoenable=false encryption=none externaltype=ora name=ria-beluga-storage type=external url=ria+file:///lustre03/project/rrg-pbellec/ria-beluga timestamp=1720619932.101100921s
c6c13233-6fef-43ec-bcb4-a41e5d0bde89 autoenable=true cost=50 sameas-name=conp-ria-storage-http sameas-uuid=ce44986a-2ddb-4cf9-b06b-7a98ef7c7eae type=httpalso url=https://sftp.conp.ca/users/cneuromod/ria-conp/cbf/d6482-5670-4f39-ba1b-9623f1f460b8/annex/objects/ timestamp=1693921521.838089359s
ce44986a-2ddb-4cf9-b06b-7a98ef7c7eae archive-id=cbfd6482-5670-4f39-ba1b-9623f1f460b8 autoenable=false encryption=none externaltype=ora name=conp-ria-storage type=external url=ria+ssh://cneuromod@localhost:4722/data/proftpd/users/cneuromod/ria-conp timestamp=1693923416.856850548s
d6d88691-32c4-412f-85f0-6c27a27e669d archive-id=cbfd6482-5670-4f39-ba1b-9623f1f460b8 autoenable=false encryption=none externaltype=ora name=ria-sequoia-storage type=external url=ria+ssh://elm.criugm.qc.ca:/data/neuromod/ria-sequoia/ timestamp=1667096417.399157687s
ea48346e-64e3-4fea-8ed6-388a3360e5ab archive-id=81d8c126-b10f-4e8b-9eab-6825964c8552 autoenable=true encryption=none externaltype=ora name=ria-beluga-storage-local type=external url=ria+file:///lustre03/project/rrg-pbellec/ria-beluga timestamp=1689989033.281473573s
